Start testing: Jun 14 20:26 UTC
----------------------------------------------------------
1/3 Testing: MatrixTest
1/3 Test: MatrixTest
Command: "/workspace/build/test_matrix"
Directory: /workspace/build
"MatrixTest" start time: Jun 14 20:26 UTC
Output:
----------------------------------------------------------
Running Matrix Tests...
======================
Test: Matrix construction... PASSED
Test: Matrix operations... PASSED
Test: Matrix transpose... PASSED
Test: Matrix initialization... PASSED

All tests PASSED! ✓
<end of output>
Test time =   0.00 sec
----------------------------------------------------------
Test Passed.
"MatrixTest" end time: Jun 14 20:26 UTC
"MatrixTest" time elapsed: 00:00:00
----------------------------------------------------------

2/3 Testing: ActivationFunctionsTest
2/3 Test: ActivationFunctionsTest
Command: "/workspace/build/test_activation_functions"
Directory: /workspace/build
"ActivationFunctionsTest" start time: Jun 14 20:26 UTC
Output:
----------------------------------------------------------
Running Activation Function Tests...
===================================
Test: ReLU activation... PASSED
Test: Tanh activation... PASSED
Test: Sigmoid activation... PASSED
Test: Linear activation... PASSED
Test: Softmax activation... PASSED
Test: Activation cloning... PASSED

All tests PASSED! ✓
<end of output>
Test time =   0.00 sec
----------------------------------------------------------
Test Passed.
"ActivationFunctionsTest" end time: Jun 14 20:26 UTC
"ActivationFunctionsTest" time elapsed: 00:00:00
----------------------------------------------------------

3/3 Testing: DenseLayerTest
3/3 Test: DenseLayerTest
Command: "/workspace/build/test_dense_layer"
Directory: /workspace/build
"DenseLayerTest" start time: Jun 14 20:26 UTC
Output:
----------------------------------------------------------
Running Dense Layer Tests...
============================
Test 1: Construction and initialization... PASSED
Test 2: Forward pass with known values... PASSED
Test 3: Different activation functions... PASSED
Test 4: Backward pass and gradient computation... PASSED
Test 5: Numerical gradient checking... PASSED
Test 6: Weight updates with learning... PASSED
Test 7: Batch processing... PASSED
Test 8: Copy constructor and assignment... Mismatch at (0, 0): -0.485922 vs -0.497904
PASSED
Test 9: Weight initialization methods... PASSED
Test 10: Gradient clipping... PASSED
Test 11: Edge cases... PASSED
Test 12: Performance test... Average forward pass time: 127.885 microseconds... PASSED

All tests PASSED! ✓
<end of output>
Test time =   0.13 sec
----------------------------------------------------------
Test Passed.
"DenseLayerTest" end time: Jun 14 20:26 UTC
"DenseLayerTest" time elapsed: 00:00:00
----------------------------------------------------------

End testing: Jun 14 20:26 UTC
